<?xml version="1.0" encoding="UTF-8"?>
<testng-results ignored="0" total="1" passed="1" failed="0" skipped="0">
  <reporter-output>
  </reporter-output>
  <suite started-at="2022-11-16T22:58:58 IST" name="OpenCartSuite" finished-at="2022-11-16T22:59:16 IST" duration-ms="17953">
    <groups>
    </groups>
    <test started-at="2022-11-16T22:58:58 IST" name="OpenCartTest" finished-at="2022-11-16T22:59:16 IST" duration-ms="17953">
      <class name="TestCases.TC001_AccountRegistrationTest">
        <test-method is-config="true" signature="setup()[pri:0, instance:TestCases.TC001_AccountRegistrationTest@543295b0]" started-at="2022-11-16T22:58:58 IST" name="setup" finished-at="2022-11-16T22:59:02 IST" duration-ms="3765" status="PASS">
          <reporter-output>
          </reporter-output>
        </test-method> <!-- setup -->
        <test-method signature="test_account_Registration()[pri:0, instance:TestCases.TC001_AccountRegistrationTest@543295b0]" started-at="2022-11-16T22:59:02 IST" name="test_account_Registration" finished-at="2022-11-16T22:59:10 IST" duration-ms="7871" status="PASS">
          <reporter-output>
          </reporter-output>
        </test-method> <!-- test_account_Registration -->
        <test-method is-config="true" signature="tearDown()[pri:0, instance:TestCases.TC001_AccountRegistrationTest@543295b0]" started-at="2022-11-16T22:59:10 IST" name="tearDown" finished-at="2022-11-16T22:59:16 IST" duration-ms="6259" status="PASS">
          <reporter-output>
          </reporter-output>
        </test-method> <!-- tearDown -->
      </class> <!-- TestCases.TC001_AccountRegistrationTest -->
    </test> <!-- OpenCartTest -->
  </suite> <!-- OpenCartSuite -->
</testng-results>
